<?xml version="1.0" encoding="UTF-8"?>
<!-- Generated by org.testng.reporters.JUnitReportReporter -->
<testsuite skipped="0" hostname="DESKTOP-M0RCAUK" name="testNG.DataProviderConcept" tests="4" failures="0" timestamp="21 Jul 2021 23:08:38 GMT" time="0.008" errors="0">
  <testcase name="test" time="0.006" classname="testNG.DataProviderConcept"/>
  <testcase name="test" time="0.000" classname="testNG.DataProviderConcept"/>
  <testcase name="test" time="0.001" classname="testNG.DataProviderConcept"/>
  <testcase name="test" time="0.001" classname="testNG.DataProviderConcept"/>
</testsuite> <!-- testNG.DataProviderConcept -->
