<?xml version="1.0" encoding="UTF-8"?>
<!-- Generated by org.testng.reporters.JUnitReportReporter -->
<testsuite skipped="0" hostname="DESKTOP-M0RCAUK" name="testNG.TestNGParameters" tests="1" failures="0" timestamp="20 Jul 2021 00:16:13 GMT" time="0.008" errors="0">
  <testcase name="test" time="0.008" classname="testNG.TestNGParameters"/>
</testsuite> <!-- testNG.TestNGParameters -->
