<?xml version="1.0" encoding="UTF-8"?>
<!-- Generated by org.testng.reporters.JUnitReportReporter -->
<testsuite skipped="0" hostname="DESKTOP-M0RCAUK" name="testNG.ParallelExecution" tests="9" failures="0" timestamp="22 Jul 2021 00:05:09 GMT" time="362.964" errors="0">
  <testcase name="firefoxBrowser3" time="42.207" classname="testNG.ParallelExecution"/>
  <testcase name="firefoxBrowser5" time="57.199" classname="testNG.ParallelExecution"/>
  <testcase name="firefoxBrowser8" time="32.396" classname="testNG.ParallelExecution"/>
  <testcase name="firefoxBrowser2" time="47.912" classname="testNG.ParallelExecution"/>
  <testcase name="firefoxBrowser7" time="48.991" classname="testNG.ParallelExecution"/>
  <testcase name="firefoxBrowser" time="48.689" classname="testNG.ParallelExecution"/>
  <testcase name="chromeBrowser" time="7.691" classname="testNG.ParallelExecution"/>
  <testcase name="firefoxBrowser6" time="38.843" classname="testNG.ParallelExecution"/>
  <testcase name="firefoxBrowser4" time="39.036" classname="testNG.ParallelExecution"/>
</testsuite> <!-- testNG.ParallelExecution -->
