<?xml version="1.0" encoding="UTF-8"?>
<!-- Generated by org.testng.reporters.JUnitReportReporter -->
<testsuite skipped="2" hostname="DESKTOP-M0RCAUK" name="testNG.TestNGBasics" tests="4" failures="0" timestamp="19 Jul 2021 23:28:20 GMT" time="0.009" errors="0">
  <testcase name="smokeTest" time="0.003" classname="testNG.TestNGBasics"/>
  <testcase name="test" time="0.006" classname="testNG.TestNGBasics"/>
  <testcase name="sanityTest" classname="testNG.TestNGBasics">
    <skipped/>
  </testcase> <!-- sanityTest -->
  <testcase name="testWithoutPriority" classname="testNG.TestNGBasics">
    <skipped/>
  </testcase> <!-- testWithoutPriority -->
</testsuite> <!-- testNG.TestNGBasics -->
