<?xml version="1.0" encoding="UTF-8"?>
<!-- Generated by org.testng.reporters.JUnitReportReporter -->
<testsuite skipped="0" hostname="DESKTOP-M0RCAUK" name="testNG.TestNGAssertions" tests="2" failures="0" timestamp="21 Jul 2021 23:43:24 GMT" time="0.011" errors="0">
  <testcase name="hardAssertion" time="0.008" classname="testNG.TestNGAssertions"/>
  <testcase name="softAssertion" time="0.003" classname="testNG.TestNGAssertions"/>
</testsuite> <!-- testNG.TestNGAssertions -->
