<?xml version="1.0" encoding="UTF-8"?>
<!-- Generated by org.testng.reporters.JUnitReportReporter -->
<testsuite skipped="0" hostname="DESKTOP-M0RCAUK" name="testNG.TestNGDataProviderConcept" tests="3" failures="0" timestamp="21 Jul 2021 21:02:53 GMT" time="0.008" errors="0">
  <testcase name="test" time="0.001" classname="testNG.TestNGDataProviderConcept"/>
  <testcase name="test" time="0.001" classname="testNG.TestNGDataProviderConcept"/>
  <testcase name="test" time="0.006" classname="testNG.TestNGDataProviderConcept"/>
</testsuite> <!-- testNG.TestNGDataProviderConcept -->
